<?xml version="1.0" encoding="UTF-8"?>
<!-- Generated by org.testng.reporters.JUnitReportReporter -->
<testsuite skipped="0" hostname="LAPTOP-KKU6G5Q2" name="org_testng.com.Testng_Runner" tests="7" failures="0" timestamp="2021-11-29T21:51:57 IST" time="8.623" errors="0">
  <testcase name="login_1" time="0.156" classname="org_testng.com.Testng_Runner"/>
  <system-out/>
  <testcase name="login_Password" time="0.084" classname="org_testng.com.Testng_Runner"/>
  <system-out/>
  <testcase name="login_Clickbtn" time="1.658" classname="org_testng.com.Testng_Runner"/>
  <system-out/>
  <testcase name="search_Hotel" time="0.989" classname="org_testng.com.Testng_Runner"/>
  <system-out/>
  <testcase name="ad" time="0.929" classname="org_testng.com.Testng_Runner"/>
  <system-out/>
  <testcase name="search_Hotel_1" time="0.578" classname="org_testng.com.Testng_Runner"/>
  <system-out/>
  <testcase name="book_Hotel" time="4.229" classname="org_testng.com.Testng_Runner"/>
  <system-out/>
</testsuite> <!-- org_testng.com.Testng_Runner -->
